[1.056s] DEBUG:colcon:Command line arguments: ['/usr/bin/colcon', 'build']
[1.056s] DEBUG:colcon:Parsed command line arguments: Namespace(log_base=None, log_level=None, verb_name='build', build_base='build', install_base='install', merge_install=False, symlink_install=False, test_result_base=None, continue_on_error=False, executor='parallel', parallel_workers=12, event_handlers=None, ignore_user_meta=False, metas=['./colcon.meta'], base_paths=['.'], packages_ignore=None, packages_ignore_regex=None, paths=None, packages_up_to=None, packages_up_to_regex=None, packages_above=None, packages_above_and_dependencies=None, packages_above_depth=None, packages_select_by_dep=None, packages_skip_by_dep=None, packages_skip_up_to=None, packages_select_build_failed=False, packages_skip_build_finished=False, packages_select_test_failures=False, packages_skip_test_passed=False, packages_select=None, packages_skip=None, packages_select_regex=None, packages_skip_regex=None, packages_start=None, packages_end=None, allow_overriding=[], cmake_args=None, cmake_target=None, cmake_target_skip_unavailable=False, cmake_clean_cache=False, cmake_clean_first=False, cmake_force_configure=False, ament_cmake_args=None, catkin_cmake_args=None, catkin_skip_building_tests=False, verb_parser=<colcon_defaults.argument_parser.defaults.DefaultArgumentsDecorator object at 0x7f50d42c82b0>, verb_extension=<colcon_core.verb.build.BuildVerb object at 0x7f50d42c9a20>, main=<bound method BuildVerb.main of <colcon_core.verb.build.BuildVerb object at 0x7f50d42c9a20>>)
[1.107s] Level 1:colcon.colcon_core.package_discovery:discover_packages(colcon_meta) check parameters
[1.107s] Level 1:colcon.colcon_core.package_discovery:discover_packages(recursive) check parameters
[1.107s] Level 1:colcon.colcon_core.package_discovery:discover_packages(ignore) check parameters
[1.107s] Level 1:colcon.colcon_core.package_discovery:discover_packages(path) check parameters
[1.107s] Level 1:colcon.colcon_core.package_discovery:discover_packages(colcon_meta) discover
[1.107s] Level 1:colcon.colcon_core.package_discovery:discover_packages(recursive) discover
[1.107s] INFO:colcon.colcon_core.package_discovery:Crawling recursively for packages in '/home/ngocdai/control_ws'
[1.107s] Level 1:colcon.colcon_core.package_identification:_identify(.) by extensions ['ignore', 'ignore_ament_install']
[1.107s] Level 1:colcon.colcon_core.package_identification:_identify(.) by extension 'ignore'
[1.107s] Level 1:colcon.colcon_core.package_identification:_identify(.) by extension 'ignore_ament_install'
[1.107s] Level 1:colcon.colcon_core.package_identification:_identify(.) by extensions ['colcon_pkg']
[1.107s] Level 1:colcon.colcon_core.package_identification:_identify(.) by extension 'colcon_pkg'
[1.107s] Level 1:colcon.colcon_core.package_identification:_identify(.) by extensions ['colcon_meta']
[1.107s] Level 1:colcon.colcon_core.package_identification:_identify(.) by extension 'colcon_meta'
[1.108s] Level 1:colcon.colcon_core.package_identification:_identify(.) by extensions ['ros']
[1.108s] Level 1:colcon.colcon_core.package_identification:_identify(.) by extension 'ros'
[1.117s] Level 1:colcon.colcon_core.package_identification:_identify(.) by extensions ['cmake', 'python']
[1.117s] Level 1:colcon.colcon_core.package_identification:_identify(.) by extension 'cmake'
[1.117s] Level 1:colcon.colcon_core.package_identification:_identify(.) by extension 'python'
[1.117s] Level 1:colcon.colcon_core.package_identification:_identify(.) by extensions ['python_setup_py']
[1.117s] Level 1:colcon.colcon_core.package_identification:_identify(.) by extension 'python_setup_py'
[1.117s] Level 1:colcon.colcon_core.package_identification:_identify(build) by extensions ['ignore', 'ignore_ament_install']
[1.118s] Level 1:colcon.colcon_core.package_identification:_identify(build) by extension 'ignore'
[1.118s] Level 1:colcon.colcon_core.package_identification:_identify(build) ignored
[1.118s] Level 1:colcon.colcon_core.package_identification:_identify(install) by extensions ['ignore', 'ignore_ament_install']
[1.118s] Level 1:colcon.colcon_core.package_identification:_identify(install) by extension 'ignore'
[1.118s] Level 1:colcon.colcon_core.package_identification:_identify(install) ignored
[1.118s] Level 1:colcon.colcon_core.package_identification:_identify(log) by extensions ['ignore', 'ignore_ament_install']
[1.118s] Level 1:colcon.colcon_core.package_identification:_identify(log) by extension 'ignore'
[1.118s] Level 1:colcon.colcon_core.package_identification:_identify(log) ignored
[1.118s] Level 1:colcon.colcon_core.package_identification:_identify(src) by extensions ['ignore', 'ignore_ament_install']
[1.118s] Level 1:colcon.colcon_core.package_identification:_identify(src) by extension 'ignore'
[1.118s] Level 1:colcon.colcon_core.package_identification:_identify(src) by extension 'ignore_ament_install'
[1.118s] Level 1:colcon.colcon_core.package_identification:_identify(src) by extensions ['colcon_pkg']
[1.118s] Level 1:colcon.colcon_core.package_identification:_identify(src) by extension 'colcon_pkg'
[1.118s] Level 1:colcon.colcon_core.package_identification:_identify(src) by extensions ['colcon_meta']
[1.118s] Level 1:colcon.colcon_core.package_identification:_identify(src) by extension 'colcon_meta'
[1.119s] Level 1:colcon.colcon_core.package_identification:_identify(src) by extensions ['ros']
[1.119s] Level 1:colcon.colcon_core.package_identification:_identify(src) by extension 'ros'
[1.119s] Level 1:colcon.colcon_core.package_identification:_identify(src) by extensions ['cmake', 'python']
[1.119s] Level 1:colcon.colcon_core.package_identification:_identify(src) by extension 'cmake'
[1.119s] Level 1:colcon.colcon_core.package_identification:_identify(src) by extension 'python'
[1.119s] Level 1:colcon.colcon_core.package_identification:_identify(src) by extensions ['python_setup_py']
[1.119s] Level 1:colcon.colcon_core.package_identification:_identify(src) by extension 'python_setup_py'
[1.119s] Level 1:colcon.colcon_core.package_identification:_identify(src/diffdrive_arduino) by extensions ['ignore', 'ignore_ament_install']
[1.119s] Level 1:colcon.colcon_core.package_identification:_identify(src/diffdrive_arduino) by extension 'ignore'
[1.119s] Level 1:colcon.colcon_core.package_identification:_identify(src/diffdrive_arduino) by extension 'ignore_ament_install'
[1.119s] Level 1:colcon.colcon_core.package_identification:_identify(src/diffdrive_arduino) by extensions ['colcon_pkg']
[1.119s] Level 1:colcon.colcon_core.package_identification:_identify(src/diffdrive_arduino) by extension 'colcon_pkg'
[1.119s] Level 1:colcon.colcon_core.package_identification:_identify(src/diffdrive_arduino) by extensions ['colcon_meta']
[1.119s] Level 1:colcon.colcon_core.package_identification:_identify(src/diffdrive_arduino) by extension 'colcon_meta'
[1.119s] Level 1:colcon.colcon_core.package_identification:_identify(src/diffdrive_arduino) by extensions ['ros']
[1.119s] Level 1:colcon.colcon_core.package_identification:_identify(src/diffdrive_arduino) by extension 'ros'
[1.122s] DEBUG:colcon.colcon_core.package_identification:Package 'src/diffdrive_arduino' with type 'ros.ament_cmake' and name 'diffdrive_arduino'
[1.122s] Level 1:colcon.colcon_core.package_discovery:discover_packages(recursive) using defaults
[1.122s] Level 1:colcon.colcon_core.package_discovery:discover_packages(ignore) discover
[1.122s] Level 1:colcon.colcon_core.package_discovery:discover_packages(ignore) using defaults
[1.122s] Level 1:colcon.colcon_core.package_discovery:discover_packages(path) discover
[1.122s] Level 1:colcon.colcon_core.package_discovery:discover_packages(path) using defaults
[1.216s] Level 1:colcon.colcon_core.package_discovery:discover_packages(prefix_path) check parameters
[1.216s] Level 1:colcon.colcon_core.package_discovery:discover_packages(prefix_path) discover
[1.249s] DEBUG:colcon.colcon_installed_package_information.package_discovery:Found 1 installed packages in /home/ngocdai/control_ws/install
[1.274s] DEBUG:colcon.colcon_installed_package_information.package_discovery:Found 376 installed packages in /opt/ros/iron
[1.276s] Level 1:colcon.colcon_core.package_discovery:discover_packages(prefix_path) using defaults
[1.353s] Level 5:colcon.colcon_core.verb:set package 'diffdrive_arduino' build argument 'cmake_args' from command line to 'None'
[1.353s] Level 5:colcon.colcon_core.verb:set package 'diffdrive_arduino' build argument 'cmake_target' from command line to 'None'
[1.353s] Level 5:colcon.colcon_core.verb:set package 'diffdrive_arduino' build argument 'cmake_target_skip_unavailable' from command line to 'False'
[1.353s] Level 5:colcon.colcon_core.verb:set package 'diffdrive_arduino' build argument 'cmake_clean_cache' from command line to 'False'
[1.353s] Level 5:colcon.colcon_core.verb:set package 'diffdrive_arduino' build argument 'cmake_clean_first' from command line to 'False'
[1.353s] Level 5:colcon.colcon_core.verb:set package 'diffdrive_arduino' build argument 'cmake_force_configure' from command line to 'False'
[1.353s] Level 5:colcon.colcon_core.verb:set package 'diffdrive_arduino' build argument 'ament_cmake_args' from command line to 'None'
[1.353s] Level 5:colcon.colcon_core.verb:set package 'diffdrive_arduino' build argument 'catkin_cmake_args' from command line to 'None'
[1.353s] Level 5:colcon.colcon_core.verb:set package 'diffdrive_arduino' build argument 'catkin_skip_building_tests' from command line to 'False'
[1.353s] DEBUG:colcon.colcon_core.verb:Building package 'diffdrive_arduino' with the following arguments: {'ament_cmake_args': None, 'build_base': '/home/ngocdai/control_ws/build/diffdrive_arduino', 'catkin_cmake_args': None, 'catkin_skip_building_tests': False, 'cmake_args': None, 'cmake_clean_cache': False, 'cmake_clean_first': False, 'cmake_force_configure': False, 'cmake_target': None, 'cmake_target_skip_unavailable': False, 'install_base': '/home/ngocdai/control_ws/install/diffdrive_arduino', 'merge_install': False, 'path': '/home/ngocdai/control_ws/src/diffdrive_arduino', 'symlink_install': False, 'test_result_base': None}
[1.367s] INFO:colcon.colcon_core.executor:Executing jobs using 'parallel' executor
[1.381s] DEBUG:colcon.colcon_parallel_executor.executor.parallel:run_until_complete
[1.381s] INFO:colcon.colcon_ros.task.ament_cmake.build:Building ROS package in '/home/ngocdai/control_ws/src/diffdrive_arduino' with build type 'ament_cmake'
[1.381s] INFO:colcon.colcon_cmake.task.cmake.build:Building CMake package in '/home/ngocdai/control_ws/src/diffdrive_arduino'
[1.405s] INFO:colcon.colcon_core.plugin_system:Skipping extension 'colcon_core.shell.bat': Not used on non-Windows systems
[1.406s] INFO:colcon.colcon_core.shell:Skip shell extension 'powershell' for command environment: Not usable outside of PowerShell
[1.406s] DEBUG:colcon.colcon_core.shell:Skip shell extension 'dsv' for command environment
[1.456s] DEBUG:colcon.colcon_core.event_handler.log_command:Invoking command in '/home/ngocdai/control_ws/build/diffdrive_arduino': CMAKE_PREFIX_PATH=${CMAKE_PREFIX_PATH}:/opt/ros/iron /usr/bin/cmake --build /home/ngocdai/control_ws/build/diffdrive_arduino -- -j12 -l12
[5.264s] DEBUG:colcon.colcon_core.event_handler.log_command:Invoked command in '/home/ngocdai/control_ws/build/diffdrive_arduino' returned '0': CMAKE_PREFIX_PATH=${CMAKE_PREFIX_PATH}:/opt/ros/iron /usr/bin/cmake --build /home/ngocdai/control_ws/build/diffdrive_arduino -- -j12 -l12
[5.301s] DEBUG:colcon.colcon_core.event_handler.log_command:Invoking command in '/home/ngocdai/control_ws/build/diffdrive_arduino': CMAKE_PREFIX_PATH=${CMAKE_PREFIX_PATH}:/opt/ros/iron /usr/bin/cmake --install /home/ngocdai/control_ws/build/diffdrive_arduino
[5.317s] Level 1:colcon.colcon_core.environment:create_environment_scripts_only(diffdrive_arduino)
[5.317s] DEBUG:colcon.colcon_core.event_handler.log_command:Invoked command in '/home/ngocdai/control_ws/build/diffdrive_arduino' returned '0': CMAKE_PREFIX_PATH=${CMAKE_PREFIX_PATH}:/opt/ros/iron /usr/bin/cmake --install /home/ngocdai/control_ws/build/diffdrive_arduino
[5.335s] Level 1:colcon.colcon_core.environment:checking '/home/ngocdai/control_ws/install/diffdrive_arduino' for CMake module files
[5.336s] Level 1:colcon.colcon_core.environment:checking '/home/ngocdai/control_ws/install/diffdrive_arduino' for CMake config files
[5.336s] Level 1:colcon.colcon_core.shell:create_environment_hook('diffdrive_arduino', 'cmake_prefix_path')
[5.350s] INFO:colcon.colcon_core.shell:Creating environment hook '/home/ngocdai/control_ws/install/diffdrive_arduino/share/diffdrive_arduino/hook/cmake_prefix_path.ps1'
[5.351s] INFO:colcon.colcon_core.shell:Creating environment descriptor '/home/ngocdai/control_ws/install/diffdrive_arduino/share/diffdrive_arduino/hook/cmake_prefix_path.dsv'
[5.351s] INFO:colcon.colcon_core.shell:Creating environment hook '/home/ngocdai/control_ws/install/diffdrive_arduino/share/diffdrive_arduino/hook/cmake_prefix_path.sh'
[5.352s] Level 1:colcon.colcon_core.environment:checking '/home/ngocdai/control_ws/install/diffdrive_arduino/lib'
[5.352s] Level 1:colcon.colcon_core.shell:create_environment_hook('diffdrive_arduino', 'ld_library_path_lib')
[5.367s] INFO:colcon.colcon_core.shell:Creating environment hook '/home/ngocdai/control_ws/install/diffdrive_arduino/share/diffdrive_arduino/hook/ld_library_path_lib.ps1'
[5.367s] INFO:colcon.colcon_core.shell:Creating environment descriptor '/home/ngocdai/control_ws/install/diffdrive_arduino/share/diffdrive_arduino/hook/ld_library_path_lib.dsv'
[5.367s] INFO:colcon.colcon_core.shell:Creating environment hook '/home/ngocdai/control_ws/install/diffdrive_arduino/share/diffdrive_arduino/hook/ld_library_path_lib.sh'
[5.368s] Level 1:colcon.colcon_core.environment:checking '/home/ngocdai/control_ws/install/diffdrive_arduino/bin'
[5.368s] Level 1:colcon.colcon_core.environment:checking '/home/ngocdai/control_ws/install/diffdrive_arduino/lib/pkgconfig/diffdrive_arduino.pc'
[5.368s] Level 1:colcon.colcon_core.environment:checking '/home/ngocdai/control_ws/install/diffdrive_arduino/lib/python3.10/site-packages'
[5.368s] Level 1:colcon.colcon_core.environment:checking '/home/ngocdai/control_ws/install/diffdrive_arduino/bin'
[5.382s] INFO:colcon.colcon_core.shell:Creating package script '/home/ngocdai/control_ws/install/diffdrive_arduino/share/diffdrive_arduino/package.ps1'
[5.383s] INFO:colcon.colcon_core.shell:Creating package descriptor '/home/ngocdai/control_ws/install/diffdrive_arduino/share/diffdrive_arduino/package.dsv'
[5.384s] INFO:colcon.colcon_core.shell:Creating package script '/home/ngocdai/control_ws/install/diffdrive_arduino/share/diffdrive_arduino/package.sh'
[5.384s] INFO:colcon.colcon_core.shell:Creating package script '/home/ngocdai/control_ws/install/diffdrive_arduino/share/diffdrive_arduino/package.bash'
[5.385s] INFO:colcon.colcon_core.shell:Creating package script '/home/ngocdai/control_ws/install/diffdrive_arduino/share/diffdrive_arduino/package.zsh'
[5.386s] Level 1:colcon.colcon_core.environment:create_file_with_runtime_dependencies(/home/ngocdai/control_ws/install/diffdrive_arduino/share/colcon-core/packages/diffdrive_arduino)
[5.428s] Level 1:colcon.colcon_core.environment:create_environment_scripts_only(diffdrive_arduino)
[5.443s] Level 1:colcon.colcon_core.environment:checking '/home/ngocdai/control_ws/install/diffdrive_arduino' for CMake module files
[5.444s] Level 1:colcon.colcon_core.environment:checking '/home/ngocdai/control_ws/install/diffdrive_arduino' for CMake config files
[5.444s] Level 1:colcon.colcon_core.shell:create_environment_hook('diffdrive_arduino', 'cmake_prefix_path')
[5.459s] INFO:colcon.colcon_core.shell:Creating environment hook '/home/ngocdai/control_ws/install/diffdrive_arduino/share/diffdrive_arduino/hook/cmake_prefix_path.ps1'
[5.460s] INFO:colcon.colcon_core.shell:Creating environment descriptor '/home/ngocdai/control_ws/install/diffdrive_arduino/share/diffdrive_arduino/hook/cmake_prefix_path.dsv'
[5.460s] INFO:colcon.colcon_core.shell:Creating environment hook '/home/ngocdai/control_ws/install/diffdrive_arduino/share/diffdrive_arduino/hook/cmake_prefix_path.sh'
[5.460s] Level 1:colcon.colcon_core.environment:checking '/home/ngocdai/control_ws/install/diffdrive_arduino/lib'
[5.460s] Level 1:colcon.colcon_core.shell:create_environment_hook('diffdrive_arduino', 'ld_library_path_lib')
[5.476s] INFO:colcon.colcon_core.shell:Creating environment hook '/home/ngocdai/control_ws/install/diffdrive_arduino/share/diffdrive_arduino/hook/ld_library_path_lib.ps1'
[5.477s] INFO:colcon.colcon_core.shell:Creating environment descriptor '/home/ngocdai/control_ws/install/diffdrive_arduino/share/diffdrive_arduino/hook/ld_library_path_lib.dsv'
[5.477s] INFO:colcon.colcon_core.shell:Creating environment hook '/home/ngocdai/control_ws/install/diffdrive_arduino/share/diffdrive_arduino/hook/ld_library_path_lib.sh'
[5.477s] Level 1:colcon.colcon_core.environment:checking '/home/ngocdai/control_ws/install/diffdrive_arduino/bin'
[5.477s] Level 1:colcon.colcon_core.environment:checking '/home/ngocdai/control_ws/install/diffdrive_arduino/lib/pkgconfig/diffdrive_arduino.pc'
[5.478s] Level 1:colcon.colcon_core.environment:checking '/home/ngocdai/control_ws/install/diffdrive_arduino/lib/python3.10/site-packages'
[5.478s] Level 1:colcon.colcon_core.environment:checking '/home/ngocdai/control_ws/install/diffdrive_arduino/bin'
[5.494s] INFO:colcon.colcon_core.shell:Creating package script '/home/ngocdai/control_ws/install/diffdrive_arduino/share/diffdrive_arduino/package.ps1'
[5.494s] INFO:colcon.colcon_core.shell:Creating package descriptor '/home/ngocdai/control_ws/install/diffdrive_arduino/share/diffdrive_arduino/package.dsv'
[5.495s] INFO:colcon.colcon_core.shell:Creating package script '/home/ngocdai/control_ws/install/diffdrive_arduino/share/diffdrive_arduino/package.sh'
[5.495s] INFO:colcon.colcon_core.shell:Creating package script '/home/ngocdai/control_ws/install/diffdrive_arduino/share/diffdrive_arduino/package.bash'
[5.495s] INFO:colcon.colcon_core.shell:Creating package script '/home/ngocdai/control_ws/install/diffdrive_arduino/share/diffdrive_arduino/package.zsh'
[5.496s] Level 1:colcon.colcon_core.environment:create_file_with_runtime_dependencies(/home/ngocdai/control_ws/install/diffdrive_arduino/share/colcon-core/packages/diffdrive_arduino)
[5.496s] DEBUG:colcon.colcon_parallel_executor.executor.parallel:closing loop
[5.496s] DEBUG:colcon.colcon_parallel_executor.executor.parallel:loop closed
[5.496s] DEBUG:colcon.colcon_parallel_executor.executor.parallel:run_until_complete finished with '0'
[5.497s] DEBUG:colcon.colcon_core.event_reactor:joining thread
[5.518s] INFO:colcon.colcon_core.plugin_system:Skipping extension 'colcon_notification.desktop_notification.terminal_notifier': Not used on non-Darwin systems
[5.518s] INFO:colcon.colcon_core.plugin_system:Skipping extension 'colcon_notification.desktop_notification.win32': Not used on non-Windows systems
[5.518s] INFO:colcon.colcon_notification.desktop_notification:Sending desktop notification using 'notify2'
[5.531s] DEBUG:colcon.colcon_core.event_reactor:joined thread
[5.546s] INFO:colcon.colcon_core.shell:Creating prefix script '/home/ngocdai/control_ws/install/local_setup.ps1'
[5.547s] INFO:colcon.colcon_core.shell:Creating prefix util module '/home/ngocdai/control_ws/install/_local_setup_util_ps1.py'
[5.548s] INFO:colcon.colcon_core.shell:Creating prefix chain script '/home/ngocdai/control_ws/install/setup.ps1'
[5.564s] INFO:colcon.colcon_core.shell:Creating prefix script '/home/ngocdai/control_ws/install/local_setup.sh'
[5.564s] INFO:colcon.colcon_core.shell:Creating prefix util module '/home/ngocdai/control_ws/install/_local_setup_util_sh.py'
[5.565s] INFO:colcon.colcon_core.shell:Creating prefix chain script '/home/ngocdai/control_ws/install/setup.sh'
[5.580s] INFO:colcon.colcon_core.shell:Creating prefix script '/home/ngocdai/control_ws/install/local_setup.bash'
[5.581s] INFO:colcon.colcon_core.shell:Creating prefix chain script '/home/ngocdai/control_ws/install/setup.bash'
[5.596s] INFO:colcon.colcon_core.shell:Creating prefix script '/home/ngocdai/control_ws/install/local_setup.zsh'
[5.597s] INFO:colcon.colcon_core.shell:Creating prefix chain script '/home/ngocdai/control_ws/install/setup.zsh'
