[0.074s] Invoking command in '/home/ngocdai/control_ws/build/diffdrive_arduino': CMAKE_PREFIX_PATH=${CMAKE_PREFIX_PATH}:/opt/ros/iron /usr/bin/cmake --build /home/ngocdai/control_ws/build/diffdrive_arduino -- -j12 -l12
[0.163s] [ 50%] [32mBuilding CXX object CMakeFiles/diffdrive_arduino.dir/hardware/diffbot_system.cpp.o[0m
[2.381s] [01m[K/home/ngocdai/control_ws/src/diffdrive_arduino/hardware/diffbot_system.cpp:[m[K In member function ‘[01m[Kvirtual hardware_interface::return_type diffdrive_arduino::DiffDriveArduinoHardware::read(const rclcpp::Time&, const rclcpp::Duration&)[m[K’:
[2.381s] [01m[K/home/ngocdai/control_ws/src/diffdrive_arduino/hardware/diffbot_system.cpp:200:59:[m[K [01;35m[Kwarning: [m[Kunused parameter ‘[01m[Kperiod[m[K’ [[01;35m[K]8;;https://gcc.gnu.org/onlinedocs/gcc/Warning-Options.html#index-Wunused-parameter-Wunused-parameter]8;;[m[K]
[2.382s]   200 |   const rclcpp::Time & /*time*/, [01;35m[Kconst rclcpp::Duration & period[m[K)
[2.382s]       |                                  [01;35m[K~~~~~~~~~~~~~~~~~~~~~~~~~^~~~~~[m[K
[3.703s] [100%] [32m[1mLinking CXX shared library libdiffdrive_arduino.so[0m
[3.870s] [100%] Built target diffdrive_arduino
[3.882s] Invoked command in '/home/ngocdai/control_ws/build/diffdrive_arduino' returned '0': CMAKE_PREFIX_PATH=${CMAKE_PREFIX_PATH}:/opt/ros/iron /usr/bin/cmake --build /home/ngocdai/control_ws/build/diffdrive_arduino -- -j12 -l12
[3.919s] Invoking command in '/home/ngocdai/control_ws/build/diffdrive_arduino': CMAKE_PREFIX_PATH=${CMAKE_PREFIX_PATH}:/opt/ros/iron /usr/bin/cmake --install /home/ngocdai/control_ws/build/diffdrive_arduino
[3.928s] -- Install configuration: ""
[3.928s] -- Up-to-date: /home/ngocdai/control_ws/install/diffdrive_arduino/share/diffdrive_arduino/diffdrive_arduino.xml
[3.928s] -- Up-to-date: /home/ngocdai/control_ws/install/diffdrive_arduino/include/diffdrive_arduino
[3.928s] -- Up-to-date: /home/ngocdai/control_ws/install/diffdrive_arduino/include/diffdrive_arduino/diffdrive_arduino
[3.928s] -- Up-to-date: /home/ngocdai/control_ws/install/diffdrive_arduino/include/diffdrive_arduino/diffdrive_arduino/visibility_control.h
[3.928s] -- Up-to-date: /home/ngocdai/control_ws/install/diffdrive_arduino/include/diffdrive_arduino/diffdrive_arduino/tempCodeRunnerFile.hpp
[3.928s] -- Installing: /home/ngocdai/control_ws/install/diffdrive_arduino/include/diffdrive_arduino/diffdrive_arduino/diffbot_system.hpp
[3.928s] -- Up-to-date: /home/ngocdai/control_ws/install/diffdrive_arduino/include/diffdrive_arduino/diffdrive_arduino/arduino_comms.hpp
[3.928s] -- Up-to-date: /home/ngocdai/control_ws/install/diffdrive_arduino/include/diffdrive_arduino/diffdrive_arduino/wheel.hpp
[3.929s] -- Up-to-date: /home/ngocdai/control_ws/install/diffdrive_arduino/share/diffdrive_arduino/launch
[3.929s] -- Installing: /home/ngocdai/control_ws/install/diffdrive_arduino/share/diffdrive_arduino/launch/view_robot.launch.py
[3.929s] -- Up-to-date: /home/ngocdai/control_ws/install/diffdrive_arduino/share/diffdrive_arduino/ros2_control
[3.929s] -- Installing: /home/ngocdai/control_ws/install/diffdrive_arduino/share/diffdrive_arduino/ros2_control/diffbot.ros2_control.xacro
[3.929s] -- Up-to-date: /home/ngocdai/control_ws/install/diffdrive_arduino/share/diffdrive_arduino/urdf
[3.929s] -- Up-to-date: /home/ngocdai/control_ws/install/diffdrive_arduino/share/diffdrive_arduino/urdf/diffbot.urdf.xacro
[3.929s] -- Up-to-date: /home/ngocdai/control_ws/install/diffdrive_arduino/share/diffdrive_arduino/urdf/diffbot.materials.xacro
[3.929s] -- Up-to-date: /home/ngocdai/control_ws/install/diffdrive_arduino/share/diffdrive_arduino/urdf/diffbot_description.urdf.xacro
[3.929s] -- Up-to-date: /home/ngocdai/control_ws/install/diffdrive_arduino/share/diffdrive_arduino/rviz
[3.929s] -- Up-to-date: /home/ngocdai/control_ws/install/diffdrive_arduino/share/diffdrive_arduino/rviz/diffbot_view.rviz
[3.929s] -- Installing: /home/ngocdai/control_ws/install/diffdrive_arduino/share/diffdrive_arduino/rviz/diffbot.rviz
[3.930s] -- Up-to-date: /home/ngocdai/control_ws/install/diffdrive_arduino/share/diffdrive_arduino/launch
[3.930s] -- Installing: /home/ngocdai/control_ws/install/diffdrive_arduino/share/diffdrive_arduino/launch/diffbot.launch.py
[3.930s] -- Up-to-date: /home/ngocdai/control_ws/install/diffdrive_arduino/share/diffdrive_arduino/config
[3.930s] -- Installing: /home/ngocdai/control_ws/install/diffdrive_arduino/share/diffdrive_arduino/config/diffbot_controllers.yaml
[3.930s] -- Installing: /home/ngocdai/control_ws/install/diffdrive_arduino/lib/libdiffdrive_arduino.so
[3.932s] -- Set runtime path of "/home/ngocdai/control_ws/install/diffdrive_arduino/lib/libdiffdrive_arduino.so" to ""
[3.932s] -- Up-to-date: /home/ngocdai/control_ws/install/diffdrive_arduino/share/diffdrive_arduino/environment/library_path.sh
[3.932s] -- Up-to-date: /home/ngocdai/control_ws/install/diffdrive_arduino/share/diffdrive_arduino/environment/library_path.dsv
[3.932s] -- Up-to-date: /home/ngocdai/control_ws/install/diffdrive_arduino/share/ament_index/resource_index/package_run_dependencies/diffdrive_arduino
[3.932s] -- Up-to-date: /home/ngocdai/control_ws/install/diffdrive_arduino/share/ament_index/resource_index/parent_prefix_path/diffdrive_arduino
[3.932s] -- Up-to-date: /home/ngocdai/control_ws/install/diffdrive_arduino/share/diffdrive_arduino/environment/ament_prefix_path.sh
[3.932s] -- Up-to-date: /home/ngocdai/control_ws/install/diffdrive_arduino/share/diffdrive_arduino/environment/ament_prefix_path.dsv
[3.932s] -- Up-to-date: /home/ngocdai/control_ws/install/diffdrive_arduino/share/diffdrive_arduino/environment/path.sh
[3.932s] -- Up-to-date: /home/ngocdai/control_ws/install/diffdrive_arduino/share/diffdrive_arduino/environment/path.dsv
[3.933s] -- Up-to-date: /home/ngocdai/control_ws/install/diffdrive_arduino/share/diffdrive_arduino/local_setup.bash
[3.933s] -- Up-to-date: /home/ngocdai/control_ws/install/diffdrive_arduino/share/diffdrive_arduino/local_setup.sh
[3.933s] -- Up-to-date: /home/ngocdai/control_ws/install/diffdrive_arduino/share/diffdrive_arduino/local_setup.zsh
[3.933s] -- Up-to-date: /home/ngocdai/control_ws/install/diffdrive_arduino/share/diffdrive_arduino/local_setup.dsv
[3.933s] -- Installing: /home/ngocdai/control_ws/install/diffdrive_arduino/share/diffdrive_arduino/package.dsv
[3.933s] -- Up-to-date: /home/ngocdai/control_ws/install/diffdrive_arduino/share/ament_index/resource_index/packages/diffdrive_arduino
[3.933s] -- Up-to-date: /home/ngocdai/control_ws/install/diffdrive_arduino/share/ament_index/resource_index/hardware_interface__pluginlib__plugin/diffdrive_arduino
[3.933s] -- Up-to-date: /home/ngocdai/control_ws/install/diffdrive_arduino/share/diffdrive_arduino/cmake/export_diffdrive_arduinoExport.cmake
[3.933s] -- Up-to-date: /home/ngocdai/control_ws/install/diffdrive_arduino/share/diffdrive_arduino/cmake/export_diffdrive_arduinoExport-noconfig.cmake
[3.933s] -- Up-to-date: /home/ngocdai/control_ws/install/diffdrive_arduino/share/diffdrive_arduino/cmake/ament_cmake_export_targets-extras.cmake
[3.933s] -- Up-to-date: /home/ngocdai/control_ws/install/diffdrive_arduino/share/diffdrive_arduino/cmake/ament_cmake_export_dependencies-extras.cmake
[3.933s] -- Up-to-date: /home/ngocdai/control_ws/install/diffdrive_arduino/share/diffdrive_arduino/cmake/diffdrive_arduinoConfig.cmake
[3.933s] -- Up-to-date: /home/ngocdai/control_ws/install/diffdrive_arduino/share/diffdrive_arduino/cmake/diffdrive_arduinoConfig-version.cmake
[3.933s] -- Up-to-date: /home/ngocdai/control_ws/install/diffdrive_arduino/share/diffdrive_arduino/package.xml
[3.935s] Invoked command in '/home/ngocdai/control_ws/build/diffdrive_arduino' returned '0': CMAKE_PREFIX_PATH=${CMAKE_PREFIX_PATH}:/opt/ros/iron /usr/bin/cmake --install /home/ngocdai/control_ws/build/diffdrive_arduino
