[0.936s] DEBUG:colcon:Command line arguments: ['/usr/bin/colcon', 'build']
[0.936s] DEBUG:colcon:Parsed command line arguments: Namespace(log_base=None, log_level=None, verb_name='build', build_base='build', install_base='install', merge_install=False, symlink_install=False, test_result_base=None, continue_on_error=False, executor='parallel', parallel_workers=12, event_handlers=None, ignore_user_meta=False, metas=['./colcon.meta'], base_paths=['.'], packages_ignore=None, packages_ignore_regex=None, paths=None, packages_up_to=None, packages_up_to_regex=None, packages_above=None, packages_above_and_dependencies=None, packages_above_depth=None, packages_select_by_dep=None, packages_skip_by_dep=None, packages_skip_up_to=None, packages_select_build_failed=False, packages_skip_build_finished=False, packages_select_test_failures=False, packages_skip_test_passed=False, packages_select=None, packages_skip=None, packages_select_regex=None, packages_skip_regex=None, packages_start=None, packages_end=None, allow_overriding=[], cmake_args=None, cmake_target=None, cmake_target_skip_unavailable=False, cmake_clean_cache=False, cmake_clean_first=False, cmake_force_configure=False, ament_cmake_args=None, catkin_cmake_args=None, catkin_skip_building_tests=False, verb_parser=<colcon_defaults.argument_parser.defaults.DefaultArgumentsDecorator object at 0x7f0862690280>, verb_extension=<colcon_core.verb.build.BuildVerb object at 0x7f08626922c0>, main=<bound method BuildVerb.main of <colcon_core.verb.build.BuildVerb object at 0x7f08626922c0>>)
[0.989s] Level 1:colcon.colcon_core.package_discovery:discover_packages(colcon_meta) check parameters
[0.989s] Level 1:colcon.colcon_core.package_discovery:discover_packages(recursive) check parameters
[0.989s] Level 1:colcon.colcon_core.package_discovery:discover_packages(ignore) check parameters
[0.989s] Level 1:colcon.colcon_core.package_discovery:discover_packages(path) check parameters
[0.989s] Level 1:colcon.colcon_core.package_discovery:discover_packages(colcon_meta) discover
[0.989s] Level 1:colcon.colcon_core.package_discovery:discover_packages(recursive) discover
[0.989s] INFO:colcon.colcon_core.package_discovery:Crawling recursively for packages in '/home/ngocdai/control_ws'
[0.989s] Level 1:colcon.colcon_core.package_identification:_identify(.) by extensions ['ignore', 'ignore_ament_install']
[0.989s] Level 1:colcon.colcon_core.package_identification:_identify(.) by extension 'ignore'
[0.989s] Level 1:colcon.colcon_core.package_identification:_identify(.) by extension 'ignore_ament_install'
[0.989s] Level 1:colcon.colcon_core.package_identification:_identify(.) by extensions ['colcon_pkg']
[0.989s] Level 1:colcon.colcon_core.package_identification:_identify(.) by extension 'colcon_pkg'
[0.989s] Level 1:colcon.colcon_core.package_identification:_identify(.) by extensions ['colcon_meta']
[0.989s] Level 1:colcon.colcon_core.package_identification:_identify(.) by extension 'colcon_meta'
[0.989s] Level 1:colcon.colcon_core.package_identification:_identify(.) by extensions ['ros']
[0.989s] Level 1:colcon.colcon_core.package_identification:_identify(.) by extension 'ros'
[0.998s] Level 1:colcon.colcon_core.package_identification:_identify(.) by extensions ['cmake', 'python']
[0.998s] Level 1:colcon.colcon_core.package_identification:_identify(.) by extension 'cmake'
[0.998s] Level 1:colcon.colcon_core.package_identification:_identify(.) by extension 'python'
[0.998s] Level 1:colcon.colcon_core.package_identification:_identify(.) by extensions ['python_setup_py']
[0.998s] Level 1:colcon.colcon_core.package_identification:_identify(.) by extension 'python_setup_py'
[0.998s] Level 1:colcon.colcon_core.package_identification:_identify(build) by extensions ['ignore', 'ignore_ament_install']
[0.998s] Level 1:colcon.colcon_core.package_identification:_identify(build) by extension 'ignore'
[0.998s] Level 1:colcon.colcon_core.package_identification:_identify(build) ignored
[0.998s] Level 1:colcon.colcon_core.package_identification:_identify(install) by extensions ['ignore', 'ignore_ament_install']
[0.998s] Level 1:colcon.colcon_core.package_identification:_identify(install) by extension 'ignore'
[0.998s] Level 1:colcon.colcon_core.package_identification:_identify(install) ignored
[0.998s] Level 1:colcon.colcon_core.package_identification:_identify(log) by extensions ['ignore', 'ignore_ament_install']
[0.998s] Level 1:colcon.colcon_core.package_identification:_identify(log) by extension 'ignore'
[0.999s] Level 1:colcon.colcon_core.package_identification:_identify(log) ignored
[0.999s] Level 1:colcon.colcon_core.package_identification:_identify(src) by extensions ['ignore', 'ignore_ament_install']
[0.999s] Level 1:colcon.colcon_core.package_identification:_identify(src) by extension 'ignore'
[0.999s] Level 1:colcon.colcon_core.package_identification:_identify(src) by extension 'ignore_ament_install'
[0.999s] Level 1:colcon.colcon_core.package_identification:_identify(src) by extensions ['colcon_pkg']
[0.999s] Level 1:colcon.colcon_core.package_identification:_identify(src) by extension 'colcon_pkg'
[0.999s] Level 1:colcon.colcon_core.package_identification:_identify(src) by extensions ['colcon_meta']
[0.999s] Level 1:colcon.colcon_core.package_identification:_identify(src) by extension 'colcon_meta'
[0.999s] Level 1:colcon.colcon_core.package_identification:_identify(src) by extensions ['ros']
[0.999s] Level 1:colcon.colcon_core.package_identification:_identify(src) by extension 'ros'
[0.999s] Level 1:colcon.colcon_core.package_identification:_identify(src) by extensions ['cmake', 'python']
[0.999s] Level 1:colcon.colcon_core.package_identification:_identify(src) by extension 'cmake'
[0.999s] Level 1:colcon.colcon_core.package_identification:_identify(src) by extension 'python'
[0.999s] Level 1:colcon.colcon_core.package_identification:_identify(src) by extensions ['python_setup_py']
[0.999s] Level 1:colcon.colcon_core.package_identification:_identify(src) by extension 'python_setup_py'
[0.999s] Level 1:colcon.colcon_core.package_identification:_identify(src/diffdrive_arduino) by extensions ['ignore', 'ignore_ament_install']
[0.999s] Level 1:colcon.colcon_core.package_identification:_identify(src/diffdrive_arduino) by extension 'ignore'
[0.999s] Level 1:colcon.colcon_core.package_identification:_identify(src/diffdrive_arduino) by extension 'ignore_ament_install'
[0.999s] Level 1:colcon.colcon_core.package_identification:_identify(src/diffdrive_arduino) by extensions ['colcon_pkg']
[0.999s] Level 1:colcon.colcon_core.package_identification:_identify(src/diffdrive_arduino) by extension 'colcon_pkg'
[0.999s] Level 1:colcon.colcon_core.package_identification:_identify(src/diffdrive_arduino) by extensions ['colcon_meta']
[0.999s] Level 1:colcon.colcon_core.package_identification:_identify(src/diffdrive_arduino) by extension 'colcon_meta'
[1.000s] Level 1:colcon.colcon_core.package_identification:_identify(src/diffdrive_arduino) by extensions ['ros']
[1.000s] Level 1:colcon.colcon_core.package_identification:_identify(src/diffdrive_arduino) by extension 'ros'
[1.002s] DEBUG:colcon.colcon_core.package_identification:Package 'src/diffdrive_arduino' with type 'ros.ament_cmake' and name 'diffdrive_arduino'
[1.002s] Level 1:colcon.colcon_core.package_discovery:discover_packages(recursive) using defaults
[1.002s] Level 1:colcon.colcon_core.package_discovery:discover_packages(ignore) discover
[1.002s] Level 1:colcon.colcon_core.package_discovery:discover_packages(ignore) using defaults
[1.002s] Level 1:colcon.colcon_core.package_discovery:discover_packages(path) discover
[1.002s] Level 1:colcon.colcon_core.package_discovery:discover_packages(path) using defaults
[1.085s] Level 1:colcon.colcon_core.package_discovery:discover_packages(prefix_path) check parameters
[1.085s] Level 1:colcon.colcon_core.package_discovery:discover_packages(prefix_path) discover
[1.113s] DEBUG:colcon.colcon_installed_package_information.package_discovery:Found 1 installed packages in /home/ngocdai/control_ws/install
[1.137s] DEBUG:colcon.colcon_installed_package_information.package_discovery:Found 376 installed packages in /opt/ros/iron
[1.139s] Level 1:colcon.colcon_core.package_discovery:discover_packages(prefix_path) using defaults
[1.212s] Level 5:colcon.colcon_core.verb:set package 'diffdrive_arduino' build argument 'cmake_args' from command line to 'None'
[1.212s] Level 5:colcon.colcon_core.verb:set package 'diffdrive_arduino' build argument 'cmake_target' from command line to 'None'
[1.212s] Level 5:colcon.colcon_core.verb:set package 'diffdrive_arduino' build argument 'cmake_target_skip_unavailable' from command line to 'False'
[1.213s] Level 5:colcon.colcon_core.verb:set package 'diffdrive_arduino' build argument 'cmake_clean_cache' from command line to 'False'
[1.213s] Level 5:colcon.colcon_core.verb:set package 'diffdrive_arduino' build argument 'cmake_clean_first' from command line to 'False'
[1.213s] Level 5:colcon.colcon_core.verb:set package 'diffdrive_arduino' build argument 'cmake_force_configure' from command line to 'False'
[1.213s] Level 5:colcon.colcon_core.verb:set package 'diffdrive_arduino' build argument 'ament_cmake_args' from command line to 'None'
[1.213s] Level 5:colcon.colcon_core.verb:set package 'diffdrive_arduino' build argument 'catkin_cmake_args' from command line to 'None'
[1.213s] Level 5:colcon.colcon_core.verb:set package 'diffdrive_arduino' build argument 'catkin_skip_building_tests' from command line to 'False'
[1.213s] DEBUG:colcon.colcon_core.verb:Building package 'diffdrive_arduino' with the following arguments: {'ament_cmake_args': None, 'build_base': '/home/ngocdai/control_ws/build/diffdrive_arduino', 'catkin_cmake_args': None, 'catkin_skip_building_tests': False, 'cmake_args': None, 'cmake_clean_cache': False, 'cmake_clean_first': False, 'cmake_force_configure': False, 'cmake_target': None, 'cmake_target_skip_unavailable': False, 'install_base': '/home/ngocdai/control_ws/install/diffdrive_arduino', 'merge_install': False, 'path': '/home/ngocdai/control_ws/src/diffdrive_arduino', 'symlink_install': False, 'test_result_base': None}
[1.226s] INFO:colcon.colcon_core.executor:Executing jobs using 'parallel' executor
[1.242s] DEBUG:colcon.colcon_parallel_executor.executor.parallel:run_until_complete
[1.242s] INFO:colcon.colcon_ros.task.ament_cmake.build:Building ROS package in '/home/ngocdai/control_ws/src/diffdrive_arduino' with build type 'ament_cmake'
[1.242s] INFO:colcon.colcon_cmake.task.cmake.build:Building CMake package in '/home/ngocdai/control_ws/src/diffdrive_arduino'
[1.258s] INFO:colcon.colcon_core.plugin_system:Skipping extension 'colcon_core.shell.bat': Not used on non-Windows systems
[1.258s] INFO:colcon.colcon_core.shell:Skip shell extension 'powershell' for command environment: Not usable outside of PowerShell
[1.258s] DEBUG:colcon.colcon_core.shell:Skip shell extension 'dsv' for command environment
[1.307s] DEBUG:colcon.colcon_core.event_handler.log_command:Invoking command in '/home/ngocdai/control_ws/build/diffdrive_arduino': CMAKE_PREFIX_PATH=${CMAKE_PREFIX_PATH}:/opt/ros/iron /usr/bin/cmake --build /home/ngocdai/control_ws/build/diffdrive_arduino -- -j12 -l12
[5.137s] DEBUG:colcon.colcon_core.event_handler.log_command:Invoked command in '/home/ngocdai/control_ws/build/diffdrive_arduino' returned '0': CMAKE_PREFIX_PATH=${CMAKE_PREFIX_PATH}:/opt/ros/iron /usr/bin/cmake --build /home/ngocdai/control_ws/build/diffdrive_arduino -- -j12 -l12
[5.175s] DEBUG:colcon.colcon_core.event_handler.log_command:Invoking command in '/home/ngocdai/control_ws/build/diffdrive_arduino': CMAKE_PREFIX_PATH=${CMAKE_PREFIX_PATH}:/opt/ros/iron /usr/bin/cmake --install /home/ngocdai/control_ws/build/diffdrive_arduino
[5.188s] Level 1:colcon.colcon_core.environment:create_environment_scripts_only(diffdrive_arduino)
[5.189s] DEBUG:colcon.colcon_core.event_handler.log_command:Invoked command in '/home/ngocdai/control_ws/build/diffdrive_arduino' returned '0': CMAKE_PREFIX_PATH=${CMAKE_PREFIX_PATH}:/opt/ros/iron /usr/bin/cmake --install /home/ngocdai/control_ws/build/diffdrive_arduino
[5.206s] Level 1:colcon.colcon_core.environment:checking '/home/ngocdai/control_ws/install/diffdrive_arduino' for CMake module files
[5.206s] Level 1:colcon.colcon_core.environment:checking '/home/ngocdai/control_ws/install/diffdrive_arduino' for CMake config files
[5.207s] Level 1:colcon.colcon_core.shell:create_environment_hook('diffdrive_arduino', 'cmake_prefix_path')
[5.222s] INFO:colcon.colcon_core.shell:Creating environment hook '/home/ngocdai/control_ws/install/diffdrive_arduino/share/diffdrive_arduino/hook/cmake_prefix_path.ps1'
[5.223s] INFO:colcon.colcon_core.shell:Creating environment descriptor '/home/ngocdai/control_ws/install/diffdrive_arduino/share/diffdrive_arduino/hook/cmake_prefix_path.dsv'
[5.223s] INFO:colcon.colcon_core.shell:Creating environment hook '/home/ngocdai/control_ws/install/diffdrive_arduino/share/diffdrive_arduino/hook/cmake_prefix_path.sh'
[5.224s] Level 1:colcon.colcon_core.environment:checking '/home/ngocdai/control_ws/install/diffdrive_arduino/lib'
[5.224s] Level 1:colcon.colcon_core.shell:create_environment_hook('diffdrive_arduino', 'ld_library_path_lib')
[5.240s] INFO:colcon.colcon_core.shell:Creating environment hook '/home/ngocdai/control_ws/install/diffdrive_arduino/share/diffdrive_arduino/hook/ld_library_path_lib.ps1'
[5.240s] INFO:colcon.colcon_core.shell:Creating environment descriptor '/home/ngocdai/control_ws/install/diffdrive_arduino/share/diffdrive_arduino/hook/ld_library_path_lib.dsv'
[5.241s] INFO:colcon.colcon_core.shell:Creating environment hook '/home/ngocdai/control_ws/install/diffdrive_arduino/share/diffdrive_arduino/hook/ld_library_path_lib.sh'
[5.241s] Level 1:colcon.colcon_core.environment:checking '/home/ngocdai/control_ws/install/diffdrive_arduino/bin'
[5.241s] Level 1:colcon.colcon_core.environment:checking '/home/ngocdai/control_ws/install/diffdrive_arduino/lib/pkgconfig/diffdrive_arduino.pc'
[5.241s] Level 1:colcon.colcon_core.environment:checking '/home/ngocdai/control_ws/install/diffdrive_arduino/lib/python3.10/site-packages'
[5.241s] Level 1:colcon.colcon_core.environment:checking '/home/ngocdai/control_ws/install/diffdrive_arduino/bin'
[5.258s] INFO:colcon.colcon_core.shell:Creating package script '/home/ngocdai/control_ws/install/diffdrive_arduino/share/diffdrive_arduino/package.ps1'
[5.258s] INFO:colcon.colcon_core.shell:Creating package descriptor '/home/ngocdai/control_ws/install/diffdrive_arduino/share/diffdrive_arduino/package.dsv'
[5.259s] INFO:colcon.colcon_core.shell:Creating package script '/home/ngocdai/control_ws/install/diffdrive_arduino/share/diffdrive_arduino/package.sh'
[5.259s] INFO:colcon.colcon_core.shell:Creating package script '/home/ngocdai/control_ws/install/diffdrive_arduino/share/diffdrive_arduino/package.bash'
[5.260s] INFO:colcon.colcon_core.shell:Creating package script '/home/ngocdai/control_ws/install/diffdrive_arduino/share/diffdrive_arduino/package.zsh'
[5.260s] Level 1:colcon.colcon_core.environment:create_file_with_runtime_dependencies(/home/ngocdai/control_ws/install/diffdrive_arduino/share/colcon-core/packages/diffdrive_arduino)
[5.301s] Level 1:colcon.colcon_core.environment:create_environment_scripts_only(diffdrive_arduino)
[5.316s] Level 1:colcon.colcon_core.environment:checking '/home/ngocdai/control_ws/install/diffdrive_arduino' for CMake module files
[5.316s] Level 1:colcon.colcon_core.environment:checking '/home/ngocdai/control_ws/install/diffdrive_arduino' for CMake config files
[5.317s] Level 1:colcon.colcon_core.shell:create_environment_hook('diffdrive_arduino', 'cmake_prefix_path')
[5.332s] INFO:colcon.colcon_core.shell:Creating environment hook '/home/ngocdai/control_ws/install/diffdrive_arduino/share/diffdrive_arduino/hook/cmake_prefix_path.ps1'
[5.332s] INFO:colcon.colcon_core.shell:Creating environment descriptor '/home/ngocdai/control_ws/install/diffdrive_arduino/share/diffdrive_arduino/hook/cmake_prefix_path.dsv'
[5.332s] INFO:colcon.colcon_core.shell:Creating environment hook '/home/ngocdai/control_ws/install/diffdrive_arduino/share/diffdrive_arduino/hook/cmake_prefix_path.sh'
[5.333s] Level 1:colcon.colcon_core.environment:checking '/home/ngocdai/control_ws/install/diffdrive_arduino/lib'
[5.333s] Level 1:colcon.colcon_core.shell:create_environment_hook('diffdrive_arduino', 'ld_library_path_lib')
[5.347s] INFO:colcon.colcon_core.shell:Creating environment hook '/home/ngocdai/control_ws/install/diffdrive_arduino/share/diffdrive_arduino/hook/ld_library_path_lib.ps1'
[5.348s] INFO:colcon.colcon_core.shell:Creating environment descriptor '/home/ngocdai/control_ws/install/diffdrive_arduino/share/diffdrive_arduino/hook/ld_library_path_lib.dsv'
[5.348s] INFO:colcon.colcon_core.shell:Creating environment hook '/home/ngocdai/control_ws/install/diffdrive_arduino/share/diffdrive_arduino/hook/ld_library_path_lib.sh'
[5.349s] Level 1:colcon.colcon_core.environment:checking '/home/ngocdai/control_ws/install/diffdrive_arduino/bin'
[5.349s] Level 1:colcon.colcon_core.environment:checking '/home/ngocdai/control_ws/install/diffdrive_arduino/lib/pkgconfig/diffdrive_arduino.pc'
[5.349s] Level 1:colcon.colcon_core.environment:checking '/home/ngocdai/control_ws/install/diffdrive_arduino/lib/python3.10/site-packages'
[5.349s] Level 1:colcon.colcon_core.environment:checking '/home/ngocdai/control_ws/install/diffdrive_arduino/bin'
[5.365s] INFO:colcon.colcon_core.shell:Creating package script '/home/ngocdai/control_ws/install/diffdrive_arduino/share/diffdrive_arduino/package.ps1'
[5.365s] INFO:colcon.colcon_core.shell:Creating package descriptor '/home/ngocdai/control_ws/install/diffdrive_arduino/share/diffdrive_arduino/package.dsv'
[5.366s] INFO:colcon.colcon_core.shell:Creating package script '/home/ngocdai/control_ws/install/diffdrive_arduino/share/diffdrive_arduino/package.sh'
[5.366s] INFO:colcon.colcon_core.shell:Creating package script '/home/ngocdai/control_ws/install/diffdrive_arduino/share/diffdrive_arduino/package.bash'
[5.367s] INFO:colcon.colcon_core.shell:Creating package script '/home/ngocdai/control_ws/install/diffdrive_arduino/share/diffdrive_arduino/package.zsh'
[5.367s] Level 1:colcon.colcon_core.environment:create_file_with_runtime_dependencies(/home/ngocdai/control_ws/install/diffdrive_arduino/share/colcon-core/packages/diffdrive_arduino)
[5.367s] DEBUG:colcon.colcon_parallel_executor.executor.parallel:closing loop
[5.367s] DEBUG:colcon.colcon_parallel_executor.executor.parallel:loop closed
[5.368s] DEBUG:colcon.colcon_parallel_executor.executor.parallel:run_until_complete finished with '0'
[5.368s] DEBUG:colcon.colcon_core.event_reactor:joining thread
[5.388s] INFO:colcon.colcon_core.plugin_system:Skipping extension 'colcon_notification.desktop_notification.terminal_notifier': Not used on non-Darwin systems
[5.388s] INFO:colcon.colcon_core.plugin_system:Skipping extension 'colcon_notification.desktop_notification.win32': Not used on non-Windows systems
[5.388s] INFO:colcon.colcon_notification.desktop_notification:Sending desktop notification using 'notify2'
[5.399s] DEBUG:colcon.colcon_core.event_reactor:joined thread
[5.414s] INFO:colcon.colcon_core.shell:Creating prefix script '/home/ngocdai/control_ws/install/local_setup.ps1'
[5.415s] INFO:colcon.colcon_core.shell:Creating prefix util module '/home/ngocdai/control_ws/install/_local_setup_util_ps1.py'
[5.416s] INFO:colcon.colcon_core.shell:Creating prefix chain script '/home/ngocdai/control_ws/install/setup.ps1'
[5.434s] INFO:colcon.colcon_core.shell:Creating prefix script '/home/ngocdai/control_ws/install/local_setup.sh'
[5.435s] INFO:colcon.colcon_core.shell:Creating prefix util module '/home/ngocdai/control_ws/install/_local_setup_util_sh.py'
[5.435s] INFO:colcon.colcon_core.shell:Creating prefix chain script '/home/ngocdai/control_ws/install/setup.sh'
[5.450s] INFO:colcon.colcon_core.shell:Creating prefix script '/home/ngocdai/control_ws/install/local_setup.bash'
[5.451s] INFO:colcon.colcon_core.shell:Creating prefix chain script '/home/ngocdai/control_ws/install/setup.bash'
[5.470s] INFO:colcon.colcon_core.shell:Creating prefix script '/home/ngocdai/control_ws/install/local_setup.zsh'
[5.471s] INFO:colcon.colcon_core.shell:Creating prefix chain script '/home/ngocdai/control_ws/install/setup.zsh'
