-- The CXX compiler identification is GNU 11.4.0
-- Detecting CXX compiler ABI info
-- Detecting CXX compiler ABI info - done
-- Check for working CXX compiler: /usr/bin/c++ - skipped
-- Detecting CXX compile features
-- Detecting CXX compile features - done
-- Found ament_cmake: 2.0.3 (/opt/ros/iron/share/ament_cmake/cmake)
-- Found Python3: /usr/bin/python3.10 (found version "3.10.12") found components: Interpreter 
-- Found hardware_interface: 3.18.0 (/opt/ros/iron/share/hardware_interface/cmake)
-- Found rosidl_generator_c: 4.0.1 (/opt/ros/iron/share/rosidl_generator_c/cmake)
-- Found rosidl_generator_cpp: 4.0.1 (/opt/ros/iron/share/rosidl_generator_cpp/cmake)
-- Using all available rosidl_typesupport_c: rosidl_typesupport_fastrtps_c;rosidl_typesupport_introspection_c
-- Using all available rosidl_typesupport_cpp: rosidl_typesupport_fastrtps_cpp;rosidl_typesupport_introspection_cpp
-- Found rmw_implementation_cmake: 7.1.0 (/opt/ros/iron/share/rmw_implementation_cmake/cmake)
-- Found rmw_fastrtps_cpp: 7.1.1 (/opt/ros/iron/share/rmw_fastrtps_cpp/cmake)
-- Found TinyXML2 via Config file: TinyXML2_DIR-NOTFOUND
-- Found OpenSSL: /usr/lib/x86_64-linux-gnu/libcrypto.so (found version "3.0.2")  
-- Found TinyXML2 via Config file: TinyXML2_DIR-NOTFOUND
-- Found FastRTPS: /opt/ros/iron/include  
-- Found TinyXML2 via Config file: TinyXML2_DIR-NOTFOUND
-- Found TinyXML2 via Config file: TinyXML2_DIR-NOTFOUND
-- Using RMW implementation 'rmw_fastrtps_cpp' as default
-- Found ament_cmake_gtest: 2.0.3 (/opt/ros/iron/share/ament_cmake_gtest/cmake)
-- Configuring done
-- Generating done
-- Build files have been written to: /home/ngocdai/control_ws/build/diffdrive_arduino
[ 50%] [32mBuilding CXX object CMakeFiles/diffdrive_arduino.dir/hardware/diffbot_system.cpp.o[0m
[100%] [32m[1mLinking CXX shared library libdiffdrive_arduino.so[0m
[100%] Built target diffdrive_arduino
-- Install configuration: ""
-- Installing: /home/ngocdai/control_ws/install/diffdrive_arduino/share/diffdrive_arduino/diffdrive_arduino.xml
-- Installing: /home/ngocdai/control_ws/install/diffdrive_arduino/include/diffdrive_arduino
-- Installing: /home/ngocdai/control_ws/install/diffdrive_arduino/include/diffdrive_arduino/diffdrive_arduino
-- Installing: /home/ngocdai/control_ws/install/diffdrive_arduino/include/diffdrive_arduino/diffdrive_arduino/visibility_control.h
-- Installing: /home/ngocdai/control_ws/install/diffdrive_arduino/include/diffdrive_arduino/diffdrive_arduino/tempCodeRunnerFile.hpp
-- Installing: /home/ngocdai/control_ws/install/diffdrive_arduino/include/diffdrive_arduino/diffdrive_arduino/diffbot_system.hpp
-- Installing: /home/ngocdai/control_ws/install/diffdrive_arduino/include/diffdrive_arduino/diffdrive_arduino/arduino_comms.hpp
-- Installing: /home/ngocdai/control_ws/install/diffdrive_arduino/include/diffdrive_arduino/diffdrive_arduino/wheel.hpp
-- Installing: /home/ngocdai/control_ws/install/diffdrive_arduino/share/diffdrive_arduino/launch
-- Installing: /home/ngocdai/control_ws/install/diffdrive_arduino/share/diffdrive_arduino/launch/view_robot.launch.py
-- Installing: /home/ngocdai/control_ws/install/diffdrive_arduino/share/diffdrive_arduino/ros2_control
-- Installing: /home/ngocdai/control_ws/install/diffdrive_arduino/share/diffdrive_arduino/ros2_control/diffbot.ros2_control.xacro
-- Installing: /home/ngocdai/control_ws/install/diffdrive_arduino/share/diffdrive_arduino/urdf
-- Installing: /home/ngocdai/control_ws/install/diffdrive_arduino/share/diffdrive_arduino/urdf/diffbot.urdf.xacro
-- Installing: /home/ngocdai/control_ws/install/diffdrive_arduino/share/diffdrive_arduino/urdf/diffbot.materials.xacro
-- Installing: /home/ngocdai/control_ws/install/diffdrive_arduino/share/diffdrive_arduino/urdf/diffbot_description.urdf.xacro
-- Installing: /home/ngocdai/control_ws/install/diffdrive_arduino/share/diffdrive_arduino/rviz
-- Installing: /home/ngocdai/control_ws/install/diffdrive_arduino/share/diffdrive_arduino/rviz/diffbot_view.rviz
-- Installing: /home/ngocdai/control_ws/install/diffdrive_arduino/share/diffdrive_arduino/rviz/diffbot.rviz
-- Up-to-date: /home/ngocdai/control_ws/install/diffdrive_arduino/share/diffdrive_arduino/launch
-- Installing: /home/ngocdai/control_ws/install/diffdrive_arduino/share/diffdrive_arduino/launch/diffbot.launch.py
-- Installing: /home/ngocdai/control_ws/install/diffdrive_arduino/share/diffdrive_arduino/config
-- Installing: /home/ngocdai/control_ws/install/diffdrive_arduino/share/diffdrive_arduino/config/diffbot_controllers.yaml
-- Installing: /home/ngocdai/control_ws/install/diffdrive_arduino/lib/libdiffdrive_arduino.so
-- Set runtime path of "/home/ngocdai/control_ws/install/diffdrive_arduino/lib/libdiffdrive_arduino.so" to ""
-- Installing: /home/ngocdai/control_ws/install/diffdrive_arduino/share/diffdrive_arduino/environment/library_path.sh
-- Installing: /home/ngocdai/control_ws/install/diffdrive_arduino/share/diffdrive_arduino/environment/library_path.dsv
-- Installing: /home/ngocdai/control_ws/install/diffdrive_arduino/share/ament_index/resource_index/package_run_dependencies/diffdrive_arduino
-- Installing: /home/ngocdai/control_ws/install/diffdrive_arduino/share/ament_index/resource_index/parent_prefix_path/diffdrive_arduino
-- Installing: /home/ngocdai/control_ws/install/diffdrive_arduino/share/diffdrive_arduino/environment/ament_prefix_path.sh
-- Installing: /home/ngocdai/control_ws/install/diffdrive_arduino/share/diffdrive_arduino/environment/ament_prefix_path.dsv
-- Installing: /home/ngocdai/control_ws/install/diffdrive_arduino/share/diffdrive_arduino/environment/path.sh
-- Installing: /home/ngocdai/control_ws/install/diffdrive_arduino/share/diffdrive_arduino/environment/path.dsv
-- Installing: /home/ngocdai/control_ws/install/diffdrive_arduino/share/diffdrive_arduino/local_setup.bash
-- Installing: /home/ngocdai/control_ws/install/diffdrive_arduino/share/diffdrive_arduino/local_setup.sh
-- Installing: /home/ngocdai/control_ws/install/diffdrive_arduino/share/diffdrive_arduino/local_setup.zsh
-- Installing: /home/ngocdai/control_ws/install/diffdrive_arduino/share/diffdrive_arduino/local_setup.dsv
-- Installing: /home/ngocdai/control_ws/install/diffdrive_arduino/share/diffdrive_arduino/package.dsv
-- Installing: /home/ngocdai/control_ws/install/diffdrive_arduino/share/ament_index/resource_index/packages/diffdrive_arduino
-- Installing: /home/ngocdai/control_ws/install/diffdrive_arduino/share/ament_index/resource_index/hardware_interface__pluginlib__plugin/diffdrive_arduino
-- Installing: /home/ngocdai/control_ws/install/diffdrive_arduino/share/diffdrive_arduino/cmake/export_diffdrive_arduinoExport.cmake
-- Installing: /home/ngocdai/control_ws/install/diffdrive_arduino/share/diffdrive_arduino/cmake/export_diffdrive_arduinoExport-noconfig.cmake
-- Installing: /home/ngocdai/control_ws/install/diffdrive_arduino/share/diffdrive_arduino/cmake/ament_cmake_export_targets-extras.cmake
-- Installing: /home/ngocdai/control_ws/install/diffdrive_arduino/share/diffdrive_arduino/cmake/ament_cmake_export_dependencies-extras.cmake
-- Installing: /home/ngocdai/control_ws/install/diffdrive_arduino/share/diffdrive_arduino/cmake/diffdrive_arduinoConfig.cmake
-- Installing: /home/ngocdai/control_ws/install/diffdrive_arduino/share/diffdrive_arduino/cmake/diffdrive_arduinoConfig-version.cmake
-- Installing: /home/ngocdai/control_ws/install/diffdrive_arduino/share/diffdrive_arduino/package.xml
