[0.048s] Invoking command in '/home/ngocdai/control_ws/build/diffdrive_arduino': CMAKE_PREFIX_PATH=/opt/ros/iron /usr/bin/cmake /home/ngocdai/control_ws/src/diffdrive_arduino -DCMAKE_INSTALL_PREFIX=/home/ngocdai/control_ws/install/diffdrive_arduino
[0.119s] -- The CXX compiler identification is GNU 11.4.0
[0.126s] -- Detecting CXX compiler ABI info
[0.198s] -- Detecting CXX compiler ABI info - done
[0.204s] -- Check for working CXX compiler: /usr/bin/c++ - skipped
[0.204s] -- Detecting CXX compile features
[0.205s] -- Detecting CXX compile features - done
[0.208s] -- Found ament_cmake: 2.0.3 (/opt/ros/iron/share/ament_cmake/cmake)
[0.355s] -- Found Python3: /usr/bin/python3.10 (found version "3.10.12") found components: Interpreter 
[0.429s] -- Found hardware_interface: 3.18.0 (/opt/ros/iron/share/hardware_interface/cmake)
[0.465s] -- Found rosidl_generator_c: 4.0.1 (/opt/ros/iron/share/rosidl_generator_c/cmake)
[0.477s] -- Found rosidl_generator_cpp: 4.0.1 (/opt/ros/iron/share/rosidl_generator_cpp/cmake)
[0.491s] -- Using all available rosidl_typesupport_c: rosidl_typesupport_fastrtps_c;rosidl_typesupport_introspection_c
[0.507s] -- Using all available rosidl_typesupport_cpp: rosidl_typesupport_fastrtps_cpp;rosidl_typesupport_introspection_cpp
[1.187s] -- Found rmw_implementation_cmake: 7.1.0 (/opt/ros/iron/share/rmw_implementation_cmake/cmake)
[1.189s] -- Found rmw_fastrtps_cpp: 7.1.1 (/opt/ros/iron/share/rmw_fastrtps_cpp/cmake)
[1.234s] -- Found TinyXML2 via Config file: TinyXML2_DIR-NOTFOUND
[1.287s] -- Found OpenSSL: /usr/lib/x86_64-linux-gnu/libcrypto.so (found version "3.0.2")  
[1.290s] -- Found TinyXML2 via Config file: TinyXML2_DIR-NOTFOUND
[1.303s] -- Found FastRTPS: /opt/ros/iron/include  
[1.309s] -- Found TinyXML2 via Config file: TinyXML2_DIR-NOTFOUND
[1.316s] -- Found TinyXML2 via Config file: TinyXML2_DIR-NOTFOUND
[1.325s] -- Using RMW implementation 'rmw_fastrtps_cpp' as default
[1.519s] -- Found ament_cmake_gtest: 2.0.3 (/opt/ros/iron/share/ament_cmake_gtest/cmake)
[1.575s] -- Configuring done
[1.588s] -- Generating done
[1.589s] -- Build files have been written to: /home/ngocdai/control_ws/build/diffdrive_arduino
[1.598s] Invoked command in '/home/ngocdai/control_ws/build/diffdrive_arduino' returned '0': CMAKE_PREFIX_PATH=/opt/ros/iron /usr/bin/cmake /home/ngocdai/control_ws/src/diffdrive_arduino -DCMAKE_INSTALL_PREFIX=/home/ngocdai/control_ws/install/diffdrive_arduino
[1.599s] Invoking command in '/home/ngocdai/control_ws/build/diffdrive_arduino': CMAKE_PREFIX_PATH=/opt/ros/iron /usr/bin/cmake --build /home/ngocdai/control_ws/build/diffdrive_arduino -- -j12 -l12
[1.648s] [ 50%] [32mBuilding CXX object CMakeFiles/diffdrive_arduino.dir/hardware/diffbot_system.cpp.o[0m
[5.034s] [100%] [32m[1mLinking CXX shared library libdiffdrive_arduino.so[0m
[5.172s] [100%] Built target diffdrive_arduino
[5.182s] Invoked command in '/home/ngocdai/control_ws/build/diffdrive_arduino' returned '0': CMAKE_PREFIX_PATH=/opt/ros/iron /usr/bin/cmake --build /home/ngocdai/control_ws/build/diffdrive_arduino -- -j12 -l12
[5.215s] Invoking command in '/home/ngocdai/control_ws/build/diffdrive_arduino': CMAKE_PREFIX_PATH=/opt/ros/iron /usr/bin/cmake --install /home/ngocdai/control_ws/build/diffdrive_arduino
[5.222s] -- Install configuration: ""
[5.222s] -- Installing: /home/ngocdai/control_ws/install/diffdrive_arduino/share/diffdrive_arduino/diffdrive_arduino.xml
[5.222s] -- Installing: /home/ngocdai/control_ws/install/diffdrive_arduino/include/diffdrive_arduino
[5.222s] -- Installing: /home/ngocdai/control_ws/install/diffdrive_arduino/include/diffdrive_arduino/diffdrive_arduino
[5.222s] -- Installing: /home/ngocdai/control_ws/install/diffdrive_arduino/include/diffdrive_arduino/diffdrive_arduino/visibility_control.h
[5.222s] -- Installing: /home/ngocdai/control_ws/install/diffdrive_arduino/include/diffdrive_arduino/diffdrive_arduino/tempCodeRunnerFile.hpp
[5.223s] -- Installing: /home/ngocdai/control_ws/install/diffdrive_arduino/include/diffdrive_arduino/diffdrive_arduino/diffbot_system.hpp
[5.223s] -- Installing: /home/ngocdai/control_ws/install/diffdrive_arduino/include/diffdrive_arduino/diffdrive_arduino/arduino_comms.hpp
[5.223s] -- Installing: /home/ngocdai/control_ws/install/diffdrive_arduino/include/diffdrive_arduino/diffdrive_arduino/wheel.hpp
[5.223s] -- Installing: /home/ngocdai/control_ws/install/diffdrive_arduino/share/diffdrive_arduino/launch
[5.223s] -- Installing: /home/ngocdai/control_ws/install/diffdrive_arduino/share/diffdrive_arduino/launch/view_robot.launch.py
[5.223s] -- Installing: /home/ngocdai/control_ws/install/diffdrive_arduino/share/diffdrive_arduino/ros2_control
[5.223s] -- Installing: /home/ngocdai/control_ws/install/diffdrive_arduino/share/diffdrive_arduino/ros2_control/diffbot.ros2_control.xacro
[5.223s] -- Installing: /home/ngocdai/control_ws/install/diffdrive_arduino/share/diffdrive_arduino/urdf
[5.223s] -- Installing: /home/ngocdai/control_ws/install/diffdrive_arduino/share/diffdrive_arduino/urdf/diffbot.urdf.xacro
[5.223s] -- Installing: /home/ngocdai/control_ws/install/diffdrive_arduino/share/diffdrive_arduino/urdf/diffbot.materials.xacro
[5.224s] -- Installing: /home/ngocdai/control_ws/install/diffdrive_arduino/share/diffdrive_arduino/urdf/diffbot_description.urdf.xacro
[5.224s] -- Installing: /home/ngocdai/control_ws/install/diffdrive_arduino/share/diffdrive_arduino/rviz
[5.224s] -- Installing: /home/ngocdai/control_ws/install/diffdrive_arduino/share/diffdrive_arduino/rviz/diffbot_view.rviz
[5.224s] -- Installing: /home/ngocdai/control_ws/install/diffdrive_arduino/share/diffdrive_arduino/rviz/diffbot.rviz
[5.224s] -- Up-to-date: /home/ngocdai/control_ws/install/diffdrive_arduino/share/diffdrive_arduino/launch
[5.224s] -- Installing: /home/ngocdai/control_ws/install/diffdrive_arduino/share/diffdrive_arduino/launch/diffbot.launch.py
[5.224s] -- Installing: /home/ngocdai/control_ws/install/diffdrive_arduino/share/diffdrive_arduino/config
[5.224s] -- Installing: /home/ngocdai/control_ws/install/diffdrive_arduino/share/diffdrive_arduino/config/diffbot_controllers.yaml
[5.224s] -- Installing: /home/ngocdai/control_ws/install/diffdrive_arduino/lib/libdiffdrive_arduino.so
[5.226s] -- Set runtime path of "/home/ngocdai/control_ws/install/diffdrive_arduino/lib/libdiffdrive_arduino.so" to ""
[5.226s] -- Installing: /home/ngocdai/control_ws/install/diffdrive_arduino/share/diffdrive_arduino/environment/library_path.sh
[5.226s] -- Installing: /home/ngocdai/control_ws/install/diffdrive_arduino/share/diffdrive_arduino/environment/library_path.dsv
[5.226s] -- Installing: /home/ngocdai/control_ws/install/diffdrive_arduino/share/ament_index/resource_index/package_run_dependencies/diffdrive_arduino
[5.227s] -- Installing: /home/ngocdai/control_ws/install/diffdrive_arduino/share/ament_index/resource_index/parent_prefix_path/diffdrive_arduino
[5.227s] -- Installing: /home/ngocdai/control_ws/install/diffdrive_arduino/share/diffdrive_arduino/environment/ament_prefix_path.sh
[5.227s] -- Installing: /home/ngocdai/control_ws/install/diffdrive_arduino/share/diffdrive_arduino/environment/ament_prefix_path.dsv
[5.227s] -- Installing: /home/ngocdai/control_ws/install/diffdrive_arduino/share/diffdrive_arduino/environment/path.sh
[5.227s] -- Installing: /home/ngocdai/control_ws/install/diffdrive_arduino/share/diffdrive_arduino/environment/path.dsv
[5.227s] -- Installing: /home/ngocdai/control_ws/install/diffdrive_arduino/share/diffdrive_arduino/local_setup.bash
[5.227s] -- Installing: /home/ngocdai/control_ws/install/diffdrive_arduino/share/diffdrive_arduino/local_setup.sh
[5.227s] -- Installing: /home/ngocdai/control_ws/install/diffdrive_arduino/share/diffdrive_arduino/local_setup.zsh
[5.228s] -- Installing: /home/ngocdai/control_ws/install/diffdrive_arduino/share/diffdrive_arduino/local_setup.dsv
[5.228s] -- Installing: /home/ngocdai/control_ws/install/diffdrive_arduino/share/diffdrive_arduino/package.dsv
[5.228s] -- Installing: /home/ngocdai/control_ws/install/diffdrive_arduino/share/ament_index/resource_index/packages/diffdrive_arduino
[5.228s] -- Installing: /home/ngocdai/control_ws/install/diffdrive_arduino/share/ament_index/resource_index/hardware_interface__pluginlib__plugin/diffdrive_arduino
[5.228s] -- Installing: /home/ngocdai/control_ws/install/diffdrive_arduino/share/diffdrive_arduino/cmake/export_diffdrive_arduinoExport.cmake
[5.228s] -- Installing: /home/ngocdai/control_ws/install/diffdrive_arduino/share/diffdrive_arduino/cmake/export_diffdrive_arduinoExport-noconfig.cmake
[5.228s] -- Installing: /home/ngocdai/control_ws/install/diffdrive_arduino/share/diffdrive_arduino/cmake/ament_cmake_export_targets-extras.cmake
[5.229s] -- Installing: /home/ngocdai/control_ws/install/diffdrive_arduino/share/diffdrive_arduino/cmake/ament_cmake_export_dependencies-extras.cmake
[5.229s] -- Installing: /home/ngocdai/control_ws/install/diffdrive_arduino/share/diffdrive_arduino/cmake/diffdrive_arduinoConfig.cmake
[5.229s] -- Installing: /home/ngocdai/control_ws/install/diffdrive_arduino/share/diffdrive_arduino/cmake/diffdrive_arduinoConfig-version.cmake
[5.229s] -- Installing: /home/ngocdai/control_ws/install/diffdrive_arduino/share/diffdrive_arduino/package.xml
[5.231s] Invoked command in '/home/ngocdai/control_ws/build/diffdrive_arduino' returned '0': CMAKE_PREFIX_PATH=/opt/ros/iron /usr/bin/cmake --install /home/ngocdai/control_ws/build/diffdrive_arduino
